<?xml version="1.0" encoding="utf-8"?><testsuites name="pytest tests"><testsuite name="pytest" errors="0" failures="0" skipped="0" tests="14" time="3.739" timestamp="2026-01-13T22:56:55.626606+00:00" hostname="agent-env-d36d4ce2-0344-4b86-9bb4-32b4481e4126"><testcase classname="tests.test_high_priority_bug_fixes.TestIndustryFilter" name="test_accounts_real_returns_industry_values" time="0.274" /><testcase classname="tests.test_high_priority_bug_fixes.TestIndustryFilter" name="test_accounts_have_pipeline_values" time="0.248" /><testcase classname="tests.test_high_priority_bug_fixes.TestActivityTimeline" name="test_activities_returns_real_data" time="0.253" /><testcase classname="tests.test_high_priority_bug_fixes.TestActivityTimeline" name="test_activities_include_login_events" time="0.243" /><testcase classname="tests.test_high_priority_bug_fixes.TestActivityTimeline" name="test_activities_include_opportunity_actions" time="0.246" /><testcase classname="tests.test_high_priority_bug_fixes.TestActivityTimeline" name="test_activities_include_sync_events" time="0.251" /><testcase classname="tests.test_high_priority_bug_fixes.TestActivityTimeline" name="test_activities_have_required_fields" time="0.245" /><testcase classname="tests.test_high_priority_bug_fixes.TestAccount360View" name="test_360_view_returns_account_data" time="0.276" /><testcase classname="tests.test_high_priority_bug_fixes.TestAccount360View" name="test_360_view_summary_fields" time="0.278" /><testcase classname="tests.test_high_priority_bug_fixes.TestAccount360View" name="test_360_view_with_odoo_account" time="0.249" /><testcase classname="tests.test_high_priority_bug_fixes.TestSalesUserPipeline" name="test_am_can_access_accounts_real" time="0.306" /><testcase classname="tests.test_high_priority_bug_fixes.TestSalesUserPipeline" name="test_am_sees_pipeline_values" time="0.248" /><testcase classname="tests.test_high_priority_bug_fixes.TestSalesUserPipeline" name="test_am_can_access_opportunities" time="0.246" /><testcase classname="tests.test_high_priority_bug_fixes.TestLoginActivityLogging" name="test_login_creates_activity" time="0.254" /></testsuite></testsuites>