<?xml version="1.0" encoding="utf-8"?><testsuites name="pytest tests"><testsuite name="pytest" errors="0" failures="0" skipped="0" tests="30" time="12.403" timestamp="2026-01-10T21:50:05.057734+00:00" hostname="agent-env-ed7c9fca-2cb7-4704-b38a-1a52615d1039"><testcase classname="tests.test_phase2_enhanced.TestAuthentication" name="test_super_admin_login" time="0.260" /><testcase classname="tests.test_phase2_enhanced.TestAuthentication" name="test_account_manager_login" time="0.212" /><testcase classname="tests.test_phase2_enhanced.TestAuthentication" name="test_ceo_login" time="0.215" /><testcase classname="tests.test_phase2_enhanced.TestOrganizationSettings" name="test_get_organization_settings" time="0.261" /><testcase classname="tests.test_phase2_enhanced.TestOrganizationSettings" name="test_update_organization_settings" time="0.393" /><testcase classname="tests.test_phase2_enhanced.TestOrganizationSettings" name="test_ceo_can_view_organization" time="0.254" /><testcase classname="tests.test_phase2_enhanced.TestOrganizationSettings" name="test_account_manager_cannot_view_organization" time="0.255" /><testcase classname="tests.test_phase2_enhanced.TestUserManagement" name="test_get_all_users" time="0.256" /><testcase classname="tests.test_phase2_enhanced.TestUserManagement" name="test_create_user_with_auto_password" time="0.506" /><testcase classname="tests.test_phase2_enhanced.TestUserManagement" name="test_create_user_with_provided_password" time="1.005" /><testcase classname="tests.test_phase2_enhanced.TestUserManagement" name="test_update_user" time="0.629" /><testcase classname="tests.test_phase2_enhanced.TestUserManagement" name="test_assign_role_to_user" time="0.625" /><testcase classname="tests.test_phase2_enhanced.TestUserManagement" name="test_reset_user_password" time="0.765" /><testcase classname="tests.test_phase2_enhanced.TestUserManagement" name="test_delete_user_soft_delete" time="0.544" /><testcase classname="tests.test_phase2_enhanced.TestUserManagement" name="test_account_manager_cannot_manage_users" time="0.248" /><testcase classname="tests.test_phase2_enhanced.TestAIAgents" name="test_get_ai_agents" time="0.264" /><testcase classname="tests.test_phase2_enhanced.TestAIAgents" name="test_create_ai_agent" time="0.301" /><testcase classname="tests.test_phase2_enhanced.TestAIAgents" name="test_update_ai_agent" time="0.533" /><testcase classname="tests.test_phase2_enhanced.TestAIAgents" name="test_test_ai_agent" time="1.739" /><testcase classname="tests.test_phase2_enhanced.TestAIAgents" name="test_account_manager_cannot_access_ai_agents" time="0.301" /><testcase classname="tests.test_phase2_enhanced.TestLLMTestConnection" name="test_llm_test_connection" time="0.307" /><testcase classname="tests.test_phase2_enhanced.TestLLMTestConnection" name="test_account_manager_cannot_test_llm" time="0.286" /><testcase classname="tests.test_phase2_enhanced.TestRoleBasedAccessControl" name="test_account_manager_denied_system_config" time="0.254" /><testcase classname="tests.test_phase2_enhanced.TestRoleBasedAccessControl" name="test_account_manager_denied_organization" time="0.265" /><testcase classname="tests.test_phase2_enhanced.TestRoleBasedAccessControl" name="test_account_manager_denied_users" time="0.260" /><testcase classname="tests.test_phase2_enhanced.TestRoleBasedAccessControl" name="test_account_manager_denied_ai_agents" time="0.259" /><testcase classname="tests.test_phase2_enhanced.TestRoleBasedAccessControl" name="test_account_manager_denied_llm_config" time="0.254" /><testcase classname="tests.test_phase2_enhanced.TestCEOAccess" name="test_ceo_can_view_organization" time="0.260" /><testcase classname="tests.test_phase2_enhanced.TestCEOAccess" name="test_ceo_can_view_users" time="0.304" /><testcase classname="tests.test_phase2_enhanced.TestCEOAccess" name="test_ceo_cannot_modify_organization" time="0.319" /></testsuite></testsuites>