<?xml version="1.0" encoding="utf-8"?><testsuites name="pytest tests"><testsuite name="pytest" errors="0" failures="0" skipped="0" tests="11" time="1.488" timestamp="2026-01-12T19:50:14.467051+00:00" hostname="agent-env-c45d0bf2-147b-4274-8807-34986c7332c8"><testcase classname="tests.test_microsoft_sso.TestMicrosoftSSOConfig" name="test_microsoft_config_endpoint_exists" time="0.080" /><testcase classname="tests.test_microsoft_sso.TestMicrosoftSSOConfig" name="test_microsoft_config_returns_client_id" time="0.058" /><testcase classname="tests.test_microsoft_sso.TestMicrosoftSSOConfig" name="test_microsoft_config_returns_tenant_id" time="0.044" /><testcase classname="tests.test_microsoft_sso.TestMicrosoftSSOComplete" name="test_microsoft_complete_endpoint_exists" time="0.221" /><testcase classname="tests.test_microsoft_sso.TestMicrosoftSSOComplete" name="test_microsoft_complete_validates_token" time="0.196" /><testcase classname="tests.test_microsoft_sso.TestMicrosoftSSOComplete" name="test_microsoft_complete_requires_access_token" time="0.048" /><testcase classname="tests.test_microsoft_sso.TestMicrosoftSSOComplete" name="test_microsoft_complete_requires_account" time="0.046" /><testcase classname="tests.test_microsoft_sso.TestEmailPasswordLogin" name="test_login_with_valid_credentials" time="0.210" /><testcase classname="tests.test_microsoft_sso.TestEmailPasswordLogin" name="test_login_with_invalid_credentials" time="0.344" /><testcase classname="tests.test_microsoft_sso.TestEmailPasswordLogin" name="test_login_with_nonexistent_user" time="0.052" /><testcase classname="tests.test_microsoft_sso.TestHealthEndpoints" name="test_api_health" time="0.063" /></testsuite></testsuites>