<?xml version="1.0" encoding="utf-8"?><testsuites name="pytest tests"><testsuite name="pytest" errors="0" failures="0" skipped="0" tests="18" time="4.550" timestamp="2026-01-14T19:22:09.481103+00:00" hostname="agent-env-8e30e7ec-ecbb-4478-8aff-5407f4256324"><testcase classname="tests.test_p0_p1_iteration_24.TestTokenRefreshAPI" name="test_refresh_token_returns_new_token" time="0.292" /><testcase classname="tests.test_p0_p1_iteration_24.TestTokenRefreshAPI" name="test_refresh_token_works_with_new_token" time="0.244" /><testcase classname="tests.test_p0_p1_iteration_24.TestTokenRefreshAPI" name="test_refresh_token_requires_auth" time="0.252" /><testcase classname="tests.test_p0_p1_iteration_24.TestTokenRefreshAPI" name="test_refresh_token_for_account_manager" time="0.447" /><testcase classname="tests.test_p0_p1_iteration_24.TestTargetProgressReportAPI" name="test_target_progress_report_endpoint_exists" time="0.228" /><testcase classname="tests.test_p0_p1_iteration_24.TestTargetProgressReportAPI" name="test_target_progress_report_structure" time="0.266" /><testcase classname="tests.test_p0_p1_iteration_24.TestTargetProgressReportAPI" name="test_target_progress_report_with_period_filter" time="0.306" /><testcase classname="tests.test_p0_p1_iteration_24.TestTargetProgressReportAPI" name="test_target_progress_report_with_role_filter" time="0.275" /><testcase classname="tests.test_p0_p1_iteration_24.TestTargetProgressReportAPI" name="test_individual_progress_structure" time="0.223" /><testcase classname="tests.test_p0_p1_iteration_24.TestActiveEntityFilter" name="test_opportunities_exclude_deleted" time="0.222" /><testcase classname="tests.test_p0_p1_iteration_24.TestActiveEntityFilter" name="test_real_dashboard_excludes_deleted" time="0.223" /><testcase classname="tests.test_p0_p1_iteration_24.TestActiveEntityFilter" name="test_accounts_real_excludes_deleted" time="0.220" /><testcase classname="tests.test_p0_p1_iteration_24.TestActiveEntityFilter" name="test_receivables_excludes_deleted" time="0.259" /><testcase classname="tests.test_p0_p1_iteration_24.TestRoleTargets" name="test_get_role_targets" time="0.226" /><testcase classname="tests.test_p0_p1_iteration_24.TestRoleTargets" name="test_get_user_effective_targets" time="0.240" /><testcase classname="tests.test_p0_p1_iteration_24.TestHealthAndBasicAPIs" name="test_health_endpoint" time="0.041" /><testcase classname="tests.test_p0_p1_iteration_24.TestHealthAndBasicAPIs" name="test_login_super_admin" time="0.213" /><testcase classname="tests.test_p0_p1_iteration_24.TestHealthAndBasicAPIs" name="test_login_account_manager" time="0.209" /></testsuite></testsuites>