<?xml version="1.0" encoding="utf-8"?><testsuites name="pytest tests"><testsuite name="pytest" errors="0" failures="6" skipped="0" tests="30" time="8.211" timestamp="2026-01-10T21:48:41.759716+00:00" hostname="agent-env-ed7c9fca-2cb7-4704-b38a-1a52615d1039"><testcase classname="tests.test_phase2_enhanced.TestAuthentication" name="test_super_admin_login" time="0.245" /><testcase classname="tests.test_phase2_enhanced.TestAuthentication" name="test_account_manager_login" time="0.218" /><testcase classname="tests.test_phase2_enhanced.TestAuthentication" name="test_ceo_login" time="0.214" /><testcase classname="tests.test_phase2_enhanced.TestOrganizationSettings" name="test_get_organization_settings" time="0.259" /><testcase classname="tests.test_phase2_enhanced.TestOrganizationSettings" name="test_update_organization_settings" time="0.457" /><testcase classname="tests.test_phase2_enhanced.TestOrganizationSettings" name="test_ceo_can_view_organization" time="0.301" /><testcase classname="tests.test_phase2_enhanced.TestOrganizationSettings" name="test_account_manager_cannot_view_organization" time="0.264" /><testcase classname="tests.test_phase2_enhanced.TestUserManagement" name="test_get_all_users" time="0.259" /><testcase classname="tests.test_phase2_enhanced.TestUserManagement" name="test_create_user_with_auto_password" time="0.279"><failure message="AssertionError: Failed to create user: Internal Server Error&#10;assert 520 == 200&#10; +  where 520 = &lt;Response [520]&gt;.status_code">tests/test_phase2_enhanced.py:182: in test_create_user_with_auto_password
    assert response.status_code == 200, f"Failed to create user: {response.text}"
E   AssertionError: Failed to create user: Internal Server Error
E   assert 520 == 200
E    +  where 520 = &lt;Response [520]&gt;.status_code</failure></testcase><testcase classname="tests.test_phase2_enhanced.TestUserManagement" name="test_create_user_with_provided_password" time="0.257"><failure message="AssertionError: Failed to create user: Internal Server Error&#10;assert 520 == 200&#10; +  where 520 = &lt;Response [520]&gt;.status_code">tests/test_phase2_enhanced.py:212: in test_create_user_with_provided_password
    assert response.status_code == 200, f"Failed to create user: {response.text}"
E   AssertionError: Failed to create user: Internal Server Error
E   assert 520 == 200
E    +  where 520 = &lt;Response [520]&gt;.status_code</failure></testcase><testcase classname="tests.test_phase2_enhanced.TestUserManagement" name="test_update_user" time="0.255"><failure message="assert 520 == 200&#10; +  where 520 = &lt;Response [520]&gt;.status_code">tests/test_phase2_enhanced.py:240: in test_update_user
    assert create_response.status_code == 200
E   assert 520 == 200
E    +  where 520 = &lt;Response [520]&gt;.status_code</failure></testcase><testcase classname="tests.test_phase2_enhanced.TestUserManagement" name="test_assign_role_to_user" time="0.261"><failure message="assert 520 == 200&#10; +  where 520 = &lt;Response [520]&gt;.status_code">tests/test_phase2_enhanced.py:275: in test_assign_role_to_user
    assert create_response.status_code == 200
E   assert 520 == 200
E    +  where 520 = &lt;Response [520]&gt;.status_code</failure></testcase><testcase classname="tests.test_phase2_enhanced.TestUserManagement" name="test_reset_user_password" time="0.259"><failure message="assert 520 == 200&#10; +  where 520 = &lt;Response [520]&gt;.status_code">tests/test_phase2_enhanced.py:308: in test_reset_user_password
    assert create_response.status_code == 200
E   assert 520 == 200
E    +  where 520 = &lt;Response [520]&gt;.status_code</failure></testcase><testcase classname="tests.test_phase2_enhanced.TestUserManagement" name="test_delete_user_soft_delete" time="0.257"><failure message="assert 520 == 200&#10; +  where 520 = &lt;Response [520]&gt;.status_code">tests/test_phase2_enhanced.py:336: in test_delete_user_soft_delete
    assert create_response.status_code == 200
E   assert 520 == 200
E    +  where 520 = &lt;Response [520]&gt;.status_code</failure></testcase><testcase classname="tests.test_phase2_enhanced.TestUserManagement" name="test_account_manager_cannot_manage_users" time="0.248" /><testcase classname="tests.test_phase2_enhanced.TestAIAgents" name="test_get_ai_agents" time="0.258" /><testcase classname="tests.test_phase2_enhanced.TestAIAgents" name="test_create_ai_agent" time="0.291" /><testcase classname="tests.test_phase2_enhanced.TestAIAgents" name="test_update_ai_agent" time="0.371" /><testcase classname="tests.test_phase2_enhanced.TestAIAgents" name="test_test_ai_agent" time="0.320" /><testcase classname="tests.test_phase2_enhanced.TestAIAgents" name="test_account_manager_cannot_access_ai_agents" time="0.251" /><testcase classname="tests.test_phase2_enhanced.TestLLMTestConnection" name="test_llm_test_connection" time="0.249" /><testcase classname="tests.test_phase2_enhanced.TestLLMTestConnection" name="test_account_manager_cannot_test_llm" time="0.248" /><testcase classname="tests.test_phase2_enhanced.TestRoleBasedAccessControl" name="test_account_manager_denied_system_config" time="0.249" /><testcase classname="tests.test_phase2_enhanced.TestRoleBasedAccessControl" name="test_account_manager_denied_organization" time="0.248" /><testcase classname="tests.test_phase2_enhanced.TestRoleBasedAccessControl" name="test_account_manager_denied_users" time="0.246" /><testcase classname="tests.test_phase2_enhanced.TestRoleBasedAccessControl" name="test_account_manager_denied_ai_agents" time="0.251" /><testcase classname="tests.test_phase2_enhanced.TestRoleBasedAccessControl" name="test_account_manager_denied_llm_config" time="0.262" /><testcase classname="tests.test_phase2_enhanced.TestCEOAccess" name="test_ceo_can_view_organization" time="0.249" /><testcase classname="tests.test_phase2_enhanced.TestCEOAccess" name="test_ceo_can_view_users" time="0.248" /><testcase classname="tests.test_phase2_enhanced.TestCEOAccess" name="test_ceo_cannot_modify_organization" time="0.255" /></testsuite></testsuites>