<?xml version="1.0" encoding="utf-8"?><testsuites name="pytest tests"><testsuite name="pytest" errors="0" failures="4" skipped="0" tests="16" time="2.071" timestamp="2026-01-14T19:42:39.108889+00:00" hostname="agent-env-8e30e7ec-ecbb-4478-8aff-5407f4256324"><testcase classname="tests.test_p1_p2_iteration_25.TestAuthentication" name="test_login_super_admin" time="0.260" /><testcase classname="tests.test_p1_p2_iteration_25.TestBackgroundSyncHealth" name="test_background_sync_health_endpoint_exists" time="0.255" /><testcase classname="tests.test_p1_p2_iteration_25.TestBackgroundSyncHealth" name="test_background_sync_health_returns_metrics" time="0.038" /><testcase classname="tests.test_p1_p2_iteration_25.TestBackgroundSyncHealth" name="test_background_sync_health_has_last_sync_info" time="0.038" /><testcase classname="tests.test_p1_p2_iteration_25.TestSyncLogs" name="test_sync_logs_endpoint_exists" time="0.255"><failure message="AssertionError: Expected 200, got 404: {&quot;detail&quot;:&quot;Sync job not found&quot;}&#10;assert 404 == 200&#10; +  where 404 = &lt;Response [404]&gt;.status_code">tests/test_p1_p2_iteration_25.py:135: in test_sync_logs_endpoint_exists
    assert response.status_code == 200, f"Expected 200, got {response.status_code}: {response.text}"
E   AssertionError: Expected 200, got 404: {"detail":"Sync job not found"}
E   assert 404 == 200
E    +  where 404 = &lt;Response [404]&gt;.status_code</failure></testcase><testcase classname="tests.test_p1_p2_iteration_25.TestSyncLogs" name="test_sync_logs_returns_logs_array" time="0.043"><failure message="assert 404 == 200&#10; +  where 404 = &lt;Response [404]&gt;.status_code">tests/test_p1_p2_iteration_25.py:143: in test_sync_logs_returns_logs_array
    assert response.status_code == 200
E   assert 404 == 200
E    +  where 404 = &lt;Response [404]&gt;.status_code</failure></testcase><testcase classname="tests.test_p1_p2_iteration_25.TestSyncLogs" name="test_sync_logs_with_status_filter" time="0.040"><failure message="assert 404 == 200&#10; +  where 404 = &lt;Response [404]&gt;.status_code">tests/test_p1_p2_iteration_25.py:165: in test_sync_logs_with_status_filter
    assert response.status_code == 200
E   assert 404 == 200
E    +  where 404 = &lt;Response [404]&gt;.status_code</failure></testcase><testcase classname="tests.test_p1_p2_iteration_25.TestSyncLogs" name="test_sync_logs_with_limit" time="0.080"><failure message="assert 404 == 200&#10; +  where 404 = &lt;Response [404]&gt;.status_code">tests/test_p1_p2_iteration_25.py:179: in test_sync_logs_with_limit
    assert response.status_code == 200
E   assert 404 == 200
E    +  where 404 = &lt;Response [404]&gt;.status_code</failure></testcase><testcase classname="tests.test_p1_p2_iteration_25.TestLeaderboard" name="test_target_progress_report_returns_individual_progress" time="0.253" /><testcase classname="tests.test_p1_p2_iteration_25.TestLeaderboard" name="test_individual_progress_has_required_fields" time="0.042" /><testcase classname="tests.test_p1_p2_iteration_25.TestActivitiesForOpportunity" name="test_activities_opportunity_endpoint_exists" time="0.253" /><testcase classname="tests.test_p1_p2_iteration_25.TestActivitiesForOpportunity" name="test_activities_opportunity_returns_correct_structure" time="0.041" /><testcase classname="tests.test_p1_p2_iteration_25.TestActivitiesForOpportunity" name="test_activities_opportunity_with_uuid" time="0.039" /><testcase classname="tests.test_p1_p2_iteration_25.TestOdoo19Compatibility" name="test_odoo_connector_fields_no_title" time="0.000" /><testcase classname="tests.test_p1_p2_iteration_25.TestBackgroundSyncStatus" name="test_background_sync_status_endpoint" time="0.247" /><testcase classname="tests.test_p1_p2_iteration_25.TestHealthEndpoint" name="test_health_endpoint" time="0.036" /></testsuite></testsuites>