<?xml version="1.0" encoding="utf-8"?><testsuites name="pytest tests"><testsuite name="pytest" errors="0" failures="0" skipped="0" tests="14" time="3.587" timestamp="2026-01-13T13:49:23.926234+00:00" hostname="agent-env-d2fd0afa-a7d4-42a5-9b6b-8594eb727ed7"><testcase classname="tests.test_beta_stabilization.TestHealthAndBasics" name="test_health_endpoint" time="0.059" /><testcase classname="tests.test_beta_stabilization.TestAuthentication" name="test_login_account_manager" time="0.217" /><testcase classname="tests.test_beta_stabilization.TestAuthentication" name="test_login_super_admin" time="0.219" /><testcase classname="tests.test_beta_stabilization.TestAuthentication" name="test_login_invalid_credentials" time="0.052" /><testcase classname="tests.test_beta_stabilization.TestDashboardReal" name="test_dashboard_real_endpoint_am" time="0.282" /><testcase classname="tests.test_beta_stabilization.TestDashboardReal" name="test_dashboard_real_endpoint_admin" time="0.294" /><testcase classname="tests.test_beta_stabilization.TestReceivables" name="test_receivables_endpoint" time="0.267" /><testcase classname="tests.test_beta_stabilization.TestBlueSheetConfiguration" name="test_get_bluesheet_weights" time="0.277" /><testcase classname="tests.test_beta_stabilization.TestBlueSheetConfiguration" name="test_update_bluesheet_weights" time="0.448" /><testcase classname="tests.test_beta_stabilization.TestAdminPanelBlueSheetTab" name="test_admin_roles_endpoint" time="0.290" /><testcase classname="tests.test_beta_stabilization.TestAdminPanelBlueSheetTab" name="test_admin_users_endpoint" time="0.259" /><testcase classname="tests.test_beta_stabilization.TestIncentiveConfiguration" name="test_commission_templates_endpoint" time="0.275" /><testcase classname="tests.test_beta_stabilization.TestIncentiveConfiguration" name="test_incentive_calculator" time="0.271" /><testcase classname="tests.test_beta_stabilization.TestDataLakeHealth" name="test_data_lake_health" time="0.285" /></testsuite></testsuites>