<?xml version="1.0" encoding="utf-8"?><testsuites name="pytest tests"><testsuite name="pytest" errors="0" failures="2" skipped="0" tests="14" time="3.541" timestamp="2026-01-13T13:48:54.357909+00:00" hostname="agent-env-d2fd0afa-a7d4-42a5-9b6b-8594eb727ed7"><testcase classname="tests.test_beta_stabilization.TestHealthAndBasics" name="test_health_endpoint" time="0.081" /><testcase classname="tests.test_beta_stabilization.TestAuthentication" name="test_login_account_manager" time="0.227" /><testcase classname="tests.test_beta_stabilization.TestAuthentication" name="test_login_super_admin" time="0.225" /><testcase classname="tests.test_beta_stabilization.TestAuthentication" name="test_login_invalid_credentials" time="0.050" /><testcase classname="tests.test_beta_stabilization.TestDashboardReal" name="test_dashboard_real_endpoint_am" time="0.292" /><testcase classname="tests.test_beta_stabilization.TestDashboardReal" name="test_dashboard_real_endpoint_admin" time="0.277" /><testcase classname="tests.test_beta_stabilization.TestReceivables" name="test_receivables_endpoint" time="0.262" /><testcase classname="tests.test_beta_stabilization.TestBlueSheetConfiguration" name="test_get_bluesheet_weights" time="0.261" /><testcase classname="tests.test_beta_stabilization.TestBlueSheetConfiguration" name="test_update_bluesheet_weights" time="0.422" /><testcase classname="tests.test_beta_stabilization.TestAdminPanelBlueSheetTab" name="test_admin_roles_endpoint" time="0.255"><failure message="AssertionError: assert False&#10; +  where False = isinstance({'count': 9, 'roles': [{'code': 'super_admin', 'created_at': '2026-01-12T20:38:02.596000', 'data_scope': 'all', 'description': 'Full system access with user management', ...}, {'code': 'ceo', 'created_at': '2026-01-12T20:38:02.596000', 'data_scope': 'all', 'description': 'Executive access with company-wide visibility', ...}, {'code': 'sales_director', 'created_at': '2026-01-12T20:38:02.596000', 'data_scope': 'all', 'description': 'Sales team management with full CRM access', ...}, {'code': 'product_director', 'created_at': '2026-01-12T20:38:02.596000', 'data_scope': 'all', 'description': 'Product oversight with read access', ...}, {'code': 'account_manager', 'created_at': '2026-01-12T20:38:02.596000', 'data_scope': 'own', 'description': 'Manages assigned accounts and opportunities', ...}, {'code': 'presales', 'created_at': '2026-01-12T20:38:02.596000', 'data_scope': 'team', 'description': 'Technical presales support', ...}, ...]}, list)">tests/test_beta_stabilization.py:285: in test_admin_roles_endpoint
    assert isinstance(data, list)
E   AssertionError: assert False
E    +  where False = isinstance({'count': 9, 'roles': [{'code': 'super_admin', 'created_at': '2026-01-12T20:38:02.596000', 'data_scope': 'all', 'description': 'Full system access with user management', ...}, {'code': 'ceo', 'created_at': '2026-01-12T20:38:02.596000', 'data_scope': 'all', 'description': 'Executive access with company-wide visibility', ...}, {'code': 'sales_director', 'created_at': '2026-01-12T20:38:02.596000', 'data_scope': 'all', 'description': 'Sales team management with full CRM access', ...}, {'code': 'product_director', 'created_at': '2026-01-12T20:38:02.596000', 'data_scope': 'all', 'description': 'Product oversight with read access', ...}, {'code': 'account_manager', 'created_at': '2026-01-12T20:38:02.596000', 'data_scope': 'own', 'description': 'Manages assigned accounts and opportunities', ...}, {'code': 'presales', 'created_at': '2026-01-12T20:38:02.596000', 'data_scope': 'team', 'description': 'Technical presales support', ...}, ...]}, list)</failure></testcase><testcase classname="tests.test_beta_stabilization.TestAdminPanelBlueSheetTab" name="test_admin_users_endpoint" time="0.259"><failure message="AssertionError: assert False&#10; +  where False = isinstance({'count': 20, 'users': [{'approval_status': 'approved', 'commission_template_id': None, 'created_at': '2026-01-10T20:39:51.199000', 'department': None, ...}, {'approval_status': 'approved', 'commission_template_id': None, 'created_at': '2026-01-11T09:47:57.406000', 'department': None, ...}, {'approval_status': 'approved', 'commission_template_id': None, 'created_at': '2026-01-11T19:43:28.947000', 'department': None, ...}, {'approval_status': 'approved', 'commission_template_id': None, 'created_at': '2026-01-11T19:43:30.445000', 'department': None, ...}, {'approval_status': 'approved', 'commission_template_id': None, 'created_at': '2026-01-11T19:43:31.861000', 'department': None, ...}, {'approval_status': 'approved', 'commission_template_id': None, 'created_at': '2026-01-11T19:43:34.492000', 'department': None, ...}, ...]}, list)">tests/test_beta_stabilization.py:294: in test_admin_users_endpoint
    assert isinstance(data, list)
E   AssertionError: assert False
E    +  where False = isinstance({'count': 20, 'users': [{'approval_status': 'approved', 'commission_template_id': None, 'created_at': '2026-01-10T20:39:51.199000', 'department': None, ...}, {'approval_status': 'approved', 'commission_template_id': None, 'created_at': '2026-01-11T09:47:57.406000', 'department': None, ...}, {'approval_status': 'approved', 'commission_template_id': None, 'created_at': '2026-01-11T19:43:28.947000', 'department': None, ...}, {'approval_status': 'approved', 'commission_template_id': None, 'created_at': '2026-01-11T19:43:30.445000', 'department': None, ...}, {'approval_status': 'approved', 'commission_template_id': None, 'created_at': '2026-01-11T19:43:31.861000', 'department': None, ...}, {'approval_status': 'approved', 'commission_template_id': None, 'created_at': '2026-01-11T19:43:34.492000', 'department': None, ...}, ...]}, list)</failure></testcase><testcase classname="tests.test_beta_stabilization.TestIncentiveConfiguration" name="test_commission_templates_endpoint" time="0.255" /><testcase classname="tests.test_beta_stabilization.TestIncentiveConfiguration" name="test_incentive_calculator" time="0.258" /><testcase classname="tests.test_beta_stabilization.TestDataLakeHealth" name="test_data_lake_health" time="0.269" /></testsuite></testsuites>