<?xml version="1.0" encoding="utf-8"?><testsuites name="pytest tests"><testsuite name="pytest" errors="0" failures="0" skipped="0" tests="19" time="5.105" timestamp="2026-01-10T21:28:30.921460+00:00" hostname="agent-env-ed7c9fca-2cb7-4704-b38a-1a52615d1039"><testcase classname="tests.test_super_admin_config.TestAuthentication" name="test_super_admin_login" time="0.249" /><testcase classname="tests.test_super_admin_config.TestAuthentication" name="test_account_manager_login" time="0.214" /><testcase classname="tests.test_super_admin_config.TestAuthentication" name="test_ceo_login" time="0.214" /><testcase classname="tests.test_super_admin_config.TestSystemConfigEndpoint" name="test_super_admin_can_access_system_config" time="0.300" /><testcase classname="tests.test_super_admin_config.TestSystemConfigEndpoint" name="test_account_manager_cannot_access_system_config" time="0.253" /><testcase classname="tests.test_super_admin_config.TestSystemConfigEndpoint" name="test_ceo_cannot_access_system_config" time="0.255" /><testcase classname="tests.test_super_admin_config.TestRolesEndpoint" name="test_get_all_roles" time="0.294" /><testcase classname="tests.test_super_admin_config.TestRolesEndpoint" name="test_ceo_can_view_roles" time="0.255" /><testcase classname="tests.test_super_admin_config.TestBlueSheetConfigEndpoint" name="test_get_blue_sheet_config" time="0.248" /><testcase classname="tests.test_super_admin_config.TestBlueSheetConfigEndpoint" name="test_account_manager_can_view_blue_sheet" time="0.251" /><testcase classname="tests.test_super_admin_config.TestUIConfigEndpoint" name="test_get_ui_config" time="0.292" /><testcase classname="tests.test_super_admin_config.TestUIConfigEndpoint" name="test_any_user_can_view_ui_config" time="0.249" /><testcase classname="tests.test_super_admin_config.TestLLMConfigEndpoint" name="test_get_llm_config" time="0.248" /><testcase classname="tests.test_super_admin_config.TestLLMConfigEndpoint" name="test_account_manager_cannot_access_llm_config" time="0.250" /><testcase classname="tests.test_super_admin_config.TestIntegrationsConfigEndpoint" name="test_get_integrations_config" time="0.250" /><testcase classname="tests.test_super_admin_config.TestUserPermissionsEndpoint" name="test_get_user_permissions" time="0.263" /><testcase classname="tests.test_super_admin_config.TestUserConfigEndpoint" name="test_get_user_config" time="0.294" /><testcase classname="tests.test_super_admin_config.TestDashboardStillWorks" name="test_dashboard_stats" time="0.254" /><testcase classname="tests.test_super_admin_config.TestDashboardStillWorks" name="test_opportunities_kanban" time="0.257" /></testsuite></testsuites>