<?xml version="1.0" encoding="utf-8"?><testsuites name="pytest tests"><testsuite name="pytest" errors="0" failures="0" skipped="0" tests="15" time="5.041" timestamp="2026-01-14T18:43:34.944668+00:00" hostname="agent-env-8e30e7ec-ecbb-4478-8aff-5407f4256324"><testcase classname="tests.test_p0_bug_fixes_iteration_23.TestHealthAndSetup" name="test_api_health" time="0.080" /><testcase classname="tests.test_p0_bug_fixes_iteration_23.TestHealthAndSetup" name="test_super_admin_login" time="0.229" /><testcase classname="tests.test_p0_bug_fixes_iteration_23.TestHealthAndSetup" name="test_account_manager_login" time="0.240" /><testcase classname="tests.test_p0_bug_fixes_iteration_23.TestMSSOOUserMapping" name="test_odoo_user_data_in_users_collection" time="0.313" /><testcase classname="tests.test_p0_bug_fixes_iteration_23.TestDataAccessControl" name="test_super_admin_sees_all_opportunities" time="0.293" /><testcase classname="tests.test_p0_bug_fixes_iteration_23.TestDataAccessControl" name="test_account_manager_sees_filtered_opportunities" time="0.284" /><testcase classname="tests.test_p0_bug_fixes_iteration_23.TestDataAccessControl" name="test_dashboard_data_access_control" time="0.525" /><testcase classname="tests.test_p0_bug_fixes_iteration_23.TestAccount360View" name="test_360_view_real_odoo_account" time="0.347" /><testcase classname="tests.test_p0_bug_fixes_iteration_23.TestAccount360View" name="test_360_view_opportunity_derived_account" time="0.333" /><testcase classname="tests.test_p0_bug_fixes_iteration_23.TestAccount360View" name="test_360_view_by_name_search" time="0.604" /><testcase classname="tests.test_p0_bug_fixes_iteration_23.TestActivitiesAPI" name="test_activities_endpoint_exists" time="0.300" /><testcase classname="tests.test_p0_bug_fixes_iteration_23.TestActivitiesAPI" name="test_activities_from_odoo_sync" time="0.328" /><testcase classname="tests.test_p0_bug_fixes_iteration_23.TestContactsSync" name="test_contacts_in_360_view" time="0.530" /><testcase classname="tests.test_p0_bug_fixes_iteration_23.TestStrictDataAccessMatching" name="test_user_has_access_function_strict_matching" time="0.256" /><testcase classname="tests.test_p0_bug_fixes_iteration_23.TestOdooUserLookup" name="test_relink_odoo_endpoint" time="0.295" /></testsuite></testsuites>