<?xml version="1.0" encoding="utf-8"?><testsuites name="pytest tests"><testsuite name="pytest" errors="0" failures="0" skipped="1" tests="17" time="4.675" timestamp="2026-01-13T14:25:07.336362+00:00" hostname="agent-env-d2fd0afa-a7d4-42a5-9b6b-8594eb727ed7"><testcase classname="tests.test_trust_beta_stabilization.TestAuthentication" name="test_account_manager_login" time="0.256" /><testcase classname="tests.test_trust_beta_stabilization.TestAuthentication" name="test_super_admin_login" time="0.223" /><testcase classname="tests.test_trust_beta_stabilization.TestDashboardSimplified" name="test_dashboard_real_endpoint" time="0.278" /><testcase classname="tests.test_trust_beta_stabilization.TestDashboardSimplified" name="test_dashboard_stats_endpoint" time="0.262" /><testcase classname="tests.test_trust_beta_stabilization.TestAccountsRealData" name="test_accounts_real_endpoint" time="0.294" /><testcase classname="tests.test_trust_beta_stabilization.TestAccountsRealData" name="test_accounts_legacy_endpoint" time="0.319" /><testcase classname="tests.test_trust_beta_stabilization.TestInvoicesReadOnly" name="test_receivables_endpoint" time="0.292" /><testcase classname="tests.test_trust_beta_stabilization.TestInvoicesReadOnly" name="test_receivables_has_summary" time="0.301" /><testcase classname="tests.test_trust_beta_stabilization.TestDealConfidenceConfig" name="test_bluesheet_weights_get" time="0.272" /><testcase classname="tests.test_trust_beta_stabilization.TestDealConfidenceConfig" name="test_bluesheet_weights_update" time="0.348" /><testcase classname="tests.test_trust_beta_stabilization.TestNavigationConfig" name="test_navigation_items_endpoint" time="0.294" /><testcase classname="tests.test_trust_beta_stabilization.TestNavigationConfig" name="test_user_navigation_endpoint" time="0.261" /><testcase classname="tests.test_trust_beta_stabilization.TestAdminPanelTabs" name="test_admin_roles_endpoint" time="0.303" /><testcase classname="tests.test_trust_beta_stabilization.TestAdminPanelTabs" name="test_admin_users_endpoint" time="0.271" /><testcase classname="tests.test_trust_beta_stabilization.TestKanbanDealConfidence" name="test_opportunities_kanban_endpoint" time="0.262" /><testcase classname="tests.test_trust_beta_stabilization.TestKanbanDealConfidence" name="test_calculate_probability_endpoint" time="0.263"><skipped type="pytest.skip" message="No opportunities to test">/app/tests/test_trust_beta_stabilization.py:317: No opportunities to test</skipped></testcase><testcase classname="tests.test_trust_beta_stabilization.TestHealthCheck" name="test_health_endpoint" time="0.047" /></testsuite></testsuites>