<?xml version="1.0" encoding="utf-8"?><testsuites name="pytest tests"><testsuite name="pytest" errors="0" failures="0" skipped="0" tests="19" time="15.246" timestamp="2026-01-13T07:39:03.775076+00:00" hostname="agent-env-270dbef2-da36-4cda-93f1-ee0d23b9a0b3"><testcase classname="tests.test_sales_dashboard.TestSalesDashboardAPIs" name="test_dashboard_stats_returns_kpi_data" time="0.269" /><testcase classname="tests.test_sales_dashboard.TestSalesDashboardAPIs" name="test_kanban_board_returns_stages_and_opportunities" time="0.226" /><testcase classname="tests.test_sales_dashboard.TestSalesDashboardAPIs" name="test_kanban_stage_has_correct_properties" time="0.229" /><testcase classname="tests.test_sales_dashboard.TestSalesDashboardAPIs" name="test_get_all_opportunities" time="0.292" /><testcase classname="tests.test_sales_dashboard.TestSalesDashboardAPIs" name="test_update_opportunity_stage_drag_drop" time="0.297" /><testcase classname="tests.test_sales_dashboard.TestSalesDashboardAPIs" name="test_blue_sheet_probability_calculation" time="4.641" /><testcase classname="tests.test_sales_dashboard.TestSalesDashboardAPIs" name="test_blue_sheet_with_red_flags" time="6.111" /><testcase classname="tests.test_sales_dashboard.TestSalesDashboardAPIs" name="test_incentive_calculator_basic" time="0.240" /><testcase classname="tests.test_sales_dashboard.TestSalesDashboardAPIs" name="test_incentive_calculator_with_new_logo" time="0.224" /><testcase classname="tests.test_sales_dashboard.TestSalesDashboardAPIs" name="test_incentive_calculator_with_product_line" time="0.263" /><testcase classname="tests.test_sales_dashboard.TestSalesDashboardAPIs" name="test_commission_templates_list" time="0.271" /><testcase classname="tests.test_sales_dashboard.TestSalesDashboardAPIs" name="test_global_search_accounts" time="0.265" /><testcase classname="tests.test_sales_dashboard.TestSalesDashboardAPIs" name="test_global_search_opportunities" time="0.226" /><testcase classname="tests.test_sales_dashboard.TestSalesDashboardAPIs" name="test_global_search_minimum_length" time="0.222" /><testcase classname="tests.test_sales_dashboard.TestSalesDashboardAPIs" name="test_sales_metrics_for_user" time="0.266" /><testcase classname="tests.test_sales_dashboard.TestSalesDashboardAPIs" name="test_sales_metrics_different_periods" time="0.288" /><testcase classname="tests.test_sales_dashboard.TestSalesDashboardAPIs" name="test_get_activities" time="0.222" /><testcase classname="tests.test_sales_dashboard.TestSalesDashboardAPIs" name="test_get_pending_activities" time="0.219" /><testcase classname="tests.test_sales_dashboard.TestSalesDashboardAPIs" name="test_get_accounts" time="0.265" /></testsuite></testsuites>