<?xml version="1.0" encoding="utf-8"?><testsuites name="pytest tests"><testsuite name="pytest" errors="0" failures="0" skipped="0" tests="13" time="1.727" timestamp="2026-01-13T22:06:15.139383+00:00" hostname="agent-env-d36d4ce2-0344-4b86-9bb4-32b4481e4126"><testcase classname="tests.test_uat_bug_fixes.TestAuthentication" name="test_login_super_admin" time="0.237" /><testcase classname="tests.test_uat_bug_fixes.TestAccountsRealEndpoint" name="test_accounts_real_returns_data" time="0.255" /><testcase classname="tests.test_uat_bug_fixes.TestAccountsRealEndpoint" name="test_accounts_have_pipeline_value" time="0.035" /><testcase classname="tests.test_uat_bug_fixes.TestAccountsRealEndpoint" name="test_accounts_have_won_value" time="0.041" /><testcase classname="tests.test_uat_bug_fixes.TestAccountsRealEndpoint" name="test_accounts_have_active_opportunities" time="0.076" /><testcase classname="tests.test_uat_bug_fixes.TestAccountsRealEndpoint" name="test_accounts_have_names" time="0.036" /><testcase classname="tests.test_uat_bug_fixes.TestKPIsEndpoint" name="test_kpis_returns_data" time="0.289" /><testcase classname="tests.test_uat_bug_fixes.TestKPIsEndpoint" name="test_kpis_have_achievement_percentage" time="0.036" /><testcase classname="tests.test_uat_bug_fixes.TestKPIsEndpoint" name="test_kpis_returns_all_kpis" time="0.042" /><testcase classname="tests.test_uat_bug_fixes.TestGoalsEndpoint" name="test_goals_returns_data" time="0.245" /><testcase classname="tests.test_uat_bug_fixes.TestGoalsEndpoint" name="test_goals_have_current_value" time="0.043" /><testcase classname="tests.test_uat_bug_fixes.TestGoalsEndpoint" name="test_goals_summary_stats" time="0.041" /><testcase classname="tests.test_uat_bug_fixes.TestOpportunitiesData" name="test_opportunities_exist" time="0.285" /></testsuite></testsuites>