<?xml version="1.0" encoding="utf-8"?><testsuites name="pytest tests"><testsuite name="pytest" errors="0" failures="0" skipped="0" tests="13" time="1.477" timestamp="2026-01-12T21:02:24.076176+00:00" hostname="agent-env-c45d0bf2-147b-4274-8807-34986c7332c8"><testcase classname="tests.test_admin_panel_rbac.TestHealthCheck" name="test_api_health" time="0.071" /><testcase classname="tests.test_admin_panel_rbac.TestAuthentication" name="test_super_admin_login" time="0.212" /><testcase classname="tests.test_admin_panel_rbac.TestAdminRoles" name="test_get_all_roles" time="0.251" /><testcase classname="tests.test_admin_panel_rbac.TestAdminPermissions" name="test_get_all_permissions" time="0.043" /><testcase classname="tests.test_admin_panel_rbac.TestAdminDepartments" name="test_get_all_departments" time="0.039" /><testcase classname="tests.test_admin_panel_rbac.TestAdminUsers" name="test_get_all_users" time="0.040" /><testcase classname="tests.test_admin_panel_rbac.TestAdminUsers" name="test_update_user_role" time="0.151" /><testcase classname="tests.test_admin_panel_rbac.TestPersonalData" name="test_connection_status" time="0.079" /><testcase classname="tests.test_admin_panel_rbac.TestPersonalData" name="test_get_my_emails" time="0.038" /><testcase classname="tests.test_admin_panel_rbac.TestPersonalData" name="test_get_my_calendar" time="0.036" /><testcase classname="tests.test_admin_panel_rbac.TestAccessControl" name="test_admin_endpoints_require_auth" time="0.141" /><testcase classname="tests.test_admin_panel_rbac.TestAccessControl" name="test_personal_endpoints_require_auth" time="0.104" /><testcase classname="tests.test_admin_panel_rbac.TestAzureADSync" name="test_sync_azure_users_endpoint_exists" time="0.206" /></testsuite></testsuites>