<?xml version="1.0" encoding="utf-8"?><testsuites name="pytest tests"><testsuite name="pytest" errors="0" failures="0" skipped="0" tests="16" time="1.995" timestamp="2026-01-14T19:44:05.392788+00:00" hostname="agent-env-8e30e7ec-ecbb-4478-8aff-5407f4256324"><testcase classname="tests.test_p1_p2_iteration_25.TestAuthentication" name="test_login_super_admin" time="0.242" /><testcase classname="tests.test_p1_p2_iteration_25.TestBackgroundSyncHealth" name="test_background_sync_health_endpoint_exists" time="0.253" /><testcase classname="tests.test_p1_p2_iteration_25.TestBackgroundSyncHealth" name="test_background_sync_health_returns_metrics" time="0.042" /><testcase classname="tests.test_p1_p2_iteration_25.TestBackgroundSyncHealth" name="test_background_sync_health_has_last_sync_info" time="0.044" /><testcase classname="tests.test_p1_p2_iteration_25.TestSyncLogs" name="test_sync_logs_endpoint_exists" time="0.255" /><testcase classname="tests.test_p1_p2_iteration_25.TestSyncLogs" name="test_sync_logs_returns_logs_array" time="0.041" /><testcase classname="tests.test_p1_p2_iteration_25.TestSyncLogs" name="test_sync_logs_with_status_filter" time="0.041" /><testcase classname="tests.test_p1_p2_iteration_25.TestSyncLogs" name="test_sync_logs_with_limit" time="0.040" /><testcase classname="tests.test_p1_p2_iteration_25.TestLeaderboard" name="test_target_progress_report_returns_individual_progress" time="0.291" /><testcase classname="tests.test_p1_p2_iteration_25.TestLeaderboard" name="test_individual_progress_has_required_fields" time="0.046" /><testcase classname="tests.test_p1_p2_iteration_25.TestActivitiesForOpportunity" name="test_activities_opportunity_endpoint_exists" time="0.254" /><testcase classname="tests.test_p1_p2_iteration_25.TestActivitiesForOpportunity" name="test_activities_opportunity_returns_correct_structure" time="0.048" /><testcase classname="tests.test_p1_p2_iteration_25.TestActivitiesForOpportunity" name="test_activities_opportunity_with_uuid" time="0.041" /><testcase classname="tests.test_p1_p2_iteration_25.TestOdoo19Compatibility" name="test_odoo_connector_fields_no_title" time="0.000" /><testcase classname="tests.test_p1_p2_iteration_25.TestBackgroundSyncStatus" name="test_background_sync_status_endpoint" time="0.252" /><testcase classname="tests.test_p1_p2_iteration_25.TestHealthEndpoint" name="test_health_endpoint" time="0.038" /></testsuite></testsuites>