<?xml version="1.0" encoding="utf-8"?><testsuites name="pytest tests"><testsuite name="pytest" errors="0" failures="2" skipped="0" tests="13" time="1.665" timestamp="2026-01-12T20:59:38.826762+00:00" hostname="agent-env-c45d0bf2-147b-4274-8807-34986c7332c8"><testcase classname="tests.test_admin_panel_rbac.TestHealthCheck" name="test_api_health" time="0.084" /><testcase classname="tests.test_admin_panel_rbac.TestAuthentication" name="test_super_admin_login" time="0.224"><failure message="AssertionError: assert False == True&#10; +  where False = &lt;built-in method get of dict object at 0xfe02f1305cc0&gt;('is_super_admin')&#10; +    where &lt;built-in method get of dict object at 0xfe02f1305cc0&gt; = {'avatar_url': None, 'created_at': '2026-01-10T20:39:51.199000', 'department': None, 'email': 'superadmin@salescommand.com', ...}.get&#10; +      where {'avatar_url': None, 'created_at': '2026-01-10T20:39:51.199000', 'department': None, 'email': 'superadmin@salescommand.com', ...} = &lt;built-in method get of dict object at 0xfe02f1305c00&gt;('user', {})&#10; +        where &lt;built-in method get of dict object at 0xfe02f1305c00&gt; = {'access_token': 'eyJhbGciOiJIUzI1NiIsInR5cCI6IkpXVCJ9.eyJzdWIiOiJlMmQxMWNjMy1jZTQ0LTQ4NjktYjc1ZS1kMzAwYmI4YjQwZDkiLCJlbWFpbCI6InN1cGVyYWRtaW5Ac2FsZXNjb21tYW5kLmNvbSIsInJvbGUiOiJzdXBlcl9hZG1pbiIsImV4cCI6MTc2ODMzNzk3OSwiaWF0IjoxNzY4MjUxNTc5fQ.gUY1gztwj5mDJG3pBI1FC3ExAm6pT3jk-DI5DrD2JMk', 'token_type': 'bearer', 'user': {'avatar_url': None, 'created_at': '2026-01-10T20:39:51.199000', 'department': None, 'email': 'superadmin@salescommand.com', ...}}.get">tests/test_admin_panel_rbac.py:43: in test_super_admin_login
    assert data.get("user", {}).get("is_super_admin") == True
E   AssertionError: assert False == True
E    +  where False = &lt;built-in method get of dict object at 0xfe02f1305cc0&gt;('is_super_admin')
E    +    where &lt;built-in method get of dict object at 0xfe02f1305cc0&gt; = {'avatar_url': None, 'created_at': '2026-01-10T20:39:51.199000', 'department': None, 'email': 'superadmin@salescommand.com', ...}.get
E    +      where {'avatar_url': None, 'created_at': '2026-01-10T20:39:51.199000', 'department': None, 'email': 'superadmin@salescommand.com', ...} = &lt;built-in method get of dict object at 0xfe02f1305c00&gt;('user', {})
E    +        where &lt;built-in method get of dict object at 0xfe02f1305c00&gt; = {'access_token': 'eyJhbGciOiJIUzI1NiIsInR5cCI6IkpXVCJ9.eyJzdWIiOiJlMmQxMWNjMy1jZTQ0LTQ4NjktYjc1ZS1kMzAwYmI4YjQwZDkiLCJlbWFpbCI6InN1cGVyYWRtaW5Ac2FsZXNjb21tYW5kLmNvbSIsInJvbGUiOiJzdXBlcl9hZG1pbiIsImV4cCI6MTc2ODMzNzk3OSwiaWF0IjoxNzY4MjUxNTc5fQ.gUY1gztwj5mDJG3pBI1FC3ExAm6pT3jk-DI5DrD2JMk', 'token_type': 'bearer', 'user': {'avatar_url': None, 'created_at': '2026-01-10T20:39:51.199000', 'department': None, 'email': 'superadmin@salescommand.com', ...}}.get</failure></testcase><testcase classname="tests.test_admin_panel_rbac.TestAdminRoles" name="test_get_all_roles" time="0.262" /><testcase classname="tests.test_admin_panel_rbac.TestAdminPermissions" name="test_get_all_permissions" time="0.045" /><testcase classname="tests.test_admin_panel_rbac.TestAdminDepartments" name="test_get_all_departments" time="0.044" /><testcase classname="tests.test_admin_panel_rbac.TestAdminUsers" name="test_get_all_users" time="0.046" /><testcase classname="tests.test_admin_panel_rbac.TestAdminUsers" name="test_update_user_role" time="0.166" /><testcase classname="tests.test_admin_panel_rbac.TestPersonalData" name="test_connection_status" time="0.040" /><testcase classname="tests.test_admin_panel_rbac.TestPersonalData" name="test_get_my_emails" time="0.039" /><testcase classname="tests.test_admin_panel_rbac.TestPersonalData" name="test_get_my_calendar" time="0.045" /><testcase classname="tests.test_admin_panel_rbac.TestAccessControl" name="test_admin_endpoints_require_auth" time="0.164" /><testcase classname="tests.test_admin_panel_rbac.TestAccessControl" name="test_personal_endpoints_require_auth" time="0.109" /><testcase classname="tests.test_admin_panel_rbac.TestAzureADSync" name="test_sync_azure_users_endpoint_exists" time="0.218"><failure message="assert 520 in [200, 400, 500]&#10; +  where 520 = &lt;Response [520]&gt;.status_code">tests/test_admin_panel_rbac.py:355: in test_sync_azure_users_endpoint_exists
    assert response.status_code in [200, 400, 500]
E   assert 520 in [200, 400, 500]
E    +  where 520 = &lt;Response [520]&gt;.status_code</failure></testcase></testsuite></testsuites>