<?xml version="1.0" encoding="utf-8"?><testsuites name="pytest tests"><testsuite name="pytest" errors="0" failures="1" skipped="0" tests="12" time="8.872" timestamp="2026-01-10T22:47:25.333103+00:00" hostname="agent-env-acf2528f-3d3d-484d-aa4a-fbc018f22889"><testcase classname="tests.test_user_department_assignment.TestUserDepartmentAssignment" name="test_01_get_system_config_includes_departments" time="0.580" /><testcase classname="tests.test_user_department_assignment.TestUserDepartmentAssignment" name="test_02_get_departments_endpoint" time="0.654" /><testcase classname="tests.test_user_department_assignment.TestUserDepartmentAssignment" name="test_03_get_users_includes_department_id" time="0.659" /><testcase classname="tests.test_user_department_assignment.TestUserDepartmentAssignment" name="test_04_create_user_with_department_id" time="0.961" /><testcase classname="tests.test_user_department_assignment.TestUserDepartmentAssignment" name="test_05_create_user_without_department_id" time="0.831" /><testcase classname="tests.test_user_department_assignment.TestUserDepartmentAssignment" name="test_06_update_user_assign_department" time="0.804" /><testcase classname="tests.test_user_department_assignment.TestUserDepartmentAssignment" name="test_07_update_user_change_department" time="0.971" /><testcase classname="tests.test_user_department_assignment.TestUserDepartmentAssignment" name="test_08_update_user_remove_department" time="0.917"><failure message="AssertionError: department_id not removed: finance&#10;assert 'finance' is None&#10; +  where 'finance' = &lt;built-in method get of dict object at 0xfb3d7dc99c00&gt;('department_id')&#10; +    where &lt;built-in method get of dict object at 0xfb3d7dc99c00&gt; = {'commission_template_id': None, 'created_at': '2026-01-10T22:47:31.287000', 'department': None, 'department_id': 'finance', ...}.get">tests/test_user_department_assignment.py:263: in test_08_update_user_remove_department
    assert updated_user.get("department_id") is None, f"department_id not removed: {updated_user.get('department_id')}"
E   AssertionError: department_id not removed: finance
E   assert 'finance' is None
E    +  where 'finance' = &lt;built-in method get of dict object at 0xfb3d7dc99c00&gt;('department_id')
E    +    where &lt;built-in method get of dict object at 0xfb3d7dc99c00&gt; = {'commission_template_id': None, 'created_at': '2026-01-10T22:47:31.287000', 'department': None, 'department_id': 'finance', ...}.get</failure></testcase><testcase classname="tests.test_user_department_assignment.TestUserDepartmentAssignment" name="test_09_update_user_with_multiple_fields_including_department" time="0.993" /><testcase classname="tests.test_user_department_assignment.TestUserDepartmentAssignment" name="test_10_invalid_department_id_handling" time="0.955" /><testcase classname="tests.test_user_department_assignment.TestUserDepartmentUIIntegration" name="test_01_frontend_data_flow_get_config_and_users" time="0.236" /><testcase classname="tests.test_user_department_assignment.TestUserDepartmentUIIntegration" name="test_02_edit_user_modal_data_structure" time="0.237" /></testsuite></testsuites>