<?xml version="1.0" encoding="utf-8"?><testsuites name="pytest tests"><testsuite name="pytest" errors="0" failures="0" skipped="0" tests="11" time="0.964" timestamp="2026-01-11T20:46:54.133462+00:00" hostname="agent-env-bf3a37e6-d6f6-4491-9e62-d35dd0cd7d6d"><testcase classname="tests.test_integration_hub.TestSyncAPI" name="test_sync_status_endpoint" time="0.069" /><testcase classname="tests.test_integration_hub.TestSyncAPI" name="test_sync_jobs_list" time="0.041" /><testcase classname="tests.test_integration_hub.TestSyncAPI" name="test_sync_history" time="0.039" /><testcase classname="tests.test_integration_hub.TestSyncAPI" name="test_sync_schedules" time="0.034" /><testcase classname="tests.test_integration_hub.TestDataLakeAPI" name="test_data_lake_health" time="0.073" /><testcase classname="tests.test_integration_hub.TestDataLakeAPI" name="test_data_lake_stats" time="0.032" /><testcase classname="tests.test_integration_hub.TestDataLakeAPI" name="test_data_lake_entities_contacts" time="0.034" /><testcase classname="tests.test_integration_hub.TestDataLakeAPI" name="test_data_lake_entities_opportunity" time="0.040" /><testcase classname="tests.test_integration_hub.TestDataLakeAPI" name="test_data_lake_audit_trail" time="0.038" /><testcase classname="tests.test_integration_hub.TestOdooIntegration" name="test_odoo_config" time="0.248" /><testcase classname="tests.test_integration_hub.TestOdooIntegration" name="test_odoo_sync_logs" time="0.245" /></testsuite></testsuites>