<?xml version="1.0" encoding="utf-8"?><testsuites name="pytest tests"><testsuite name="pytest" errors="0" failures="1" skipped="0" tests="13" time="1.813" timestamp="2026-01-13T22:05:51.562174+00:00" hostname="agent-env-d36d4ce2-0344-4b86-9bb4-32b4481e4126"><testcase classname="tests.test_uat_bug_fixes.TestAuthentication" name="test_login_super_admin" time="0.246" /><testcase classname="tests.test_uat_bug_fixes.TestAccountsRealEndpoint" name="test_accounts_real_returns_data" time="0.258" /><testcase classname="tests.test_uat_bug_fixes.TestAccountsRealEndpoint" name="test_accounts_have_pipeline_value" time="0.041" /><testcase classname="tests.test_uat_bug_fixes.TestAccountsRealEndpoint" name="test_accounts_have_won_value" time="0.048" /><testcase classname="tests.test_uat_bug_fixes.TestAccountsRealEndpoint" name="test_accounts_have_active_opportunities" time="0.042" /><testcase classname="tests.test_uat_bug_fixes.TestAccountsRealEndpoint" name="test_accounts_have_names" time="0.043" /><testcase classname="tests.test_uat_bug_fixes.TestKPIsEndpoint" name="test_kpis_returns_data" time="0.290" /><testcase classname="tests.test_uat_bug_fixes.TestKPIsEndpoint" name="test_kpis_have_achievement_percentage" time="0.035" /><testcase classname="tests.test_uat_bug_fixes.TestKPIsEndpoint" name="test_kpis_returns_all_kpis" time="0.040" /><testcase classname="tests.test_uat_bug_fixes.TestGoalsEndpoint" name="test_goals_returns_data" time="0.248" /><testcase classname="tests.test_uat_bug_fixes.TestGoalsEndpoint" name="test_goals_have_current_value" time="0.034" /><testcase classname="tests.test_uat_bug_fixes.TestGoalsEndpoint" name="test_goals_summary_stats" time="0.035" /><testcase classname="tests.test_uat_bug_fixes.TestOpportunitiesData" name="test_opportunities_exist" time="0.339"><failure message="AssertionError: API returned 404: {&quot;detail&quot;:&quot;Opportunity not found&quot;}&#10;assert 404 == 200&#10; +  where 404 = &lt;Response [404]&gt;.status_code">tests/test_uat_bug_fixes.py:268: in test_opportunities_exist
    assert response.status_code == 200, f"API returned {response.status_code}: {response.text}"
E   AssertionError: API returned 404: {"detail":"Opportunity not found"}
E   assert 404 == 200
E    +  where 404 = &lt;Response [404]&gt;.status_code</failure></testcase></testsuite></testsuites>