<?xml version="1.0" encoding="utf-8"?><testsuites name="pytest tests"><testsuite name="pytest" errors="0" failures="0" skipped="0" tests="11" time="2.681" timestamp="2026-01-13T21:15:09.274822+00:00" hostname="agent-env-41e15cb7-a51b-4188-9341-7626ff59d885"><testcase classname="tests.test_goals_activity.TestGoalsAPI" name="test_01_get_goals_empty_or_list" time="0.267" /><testcase classname="tests.test_goals_activity.TestGoalsAPI" name="test_02_create_goal" time="0.236" /><testcase classname="tests.test_goals_activity.TestGoalsAPI" name="test_03_get_goal_by_id" time="0.227" /><testcase classname="tests.test_goals_activity.TestGoalsAPI" name="test_04_update_goal" time="0.256" /><testcase classname="tests.test_goals_activity.TestGoalsAPI" name="test_05_get_goals_summary" time="0.216" /><testcase classname="tests.test_goals_activity.TestGoalsAPI" name="test_06_delete_goal" time="0.224" /><testcase classname="tests.test_goals_activity.TestActivityAPI" name="test_01_get_activities" time="0.228" /><testcase classname="tests.test_goals_activity.TestRelinkAPI" name="test_01_relink_user" time="0.232" /><testcase classname="tests.test_goals_activity.TestNavigationConfig" name="test_01_navigation_items" time="0.218" /><testcase classname="tests.test_goals_activity.TestNavigationConfig" name="test_02_user_navigation" time="0.215" /><testcase classname="tests.test_goals_activity.TestProfileAPI" name="test_01_get_profile" time="0.257" /></testsuite></testsuites>