<?xml version="1.0" encoding="utf-8"?><testsuites name="pytest tests"><testsuite name="pytest" errors="10" failures="2" skipped="0" tests="14" time="3.399" timestamp="2026-01-13T13:46:57.209874+00:00" hostname="agent-env-d2fd0afa-a7d4-42a5-9b6b-8594eb727ed7"><testcase classname="tests.test_beta_stabilization.TestHealthAndBasics" name="test_health_endpoint" time="0.094" /><testcase classname="tests.test_beta_stabilization.TestAuthentication" name="test_login_account_manager" time="0.249"><failure message="AssertionError: assert 'token' in {'access_token': 'eyJhbGciOiJIUzI1NiIsInR5cCI6IkpXVCJ9.eyJzdWIiOiJmNzc3YjhmMC05Yjc4LTRjMWItYTFlYy05MDZhMDQ5M2FjZTEiLCJlbWFpbCI6ImFtMUBzYWxlc2NvbW1hbmQuY29tIiwicm9sZSI6ImFjY291bnRfbWFuYWdlciIsImV4cCI6MTc2ODM5ODQxNywiaWF0IjoxNzY4MzEyMDE3fQ.nJJhmfF49SNpFwEveSXxlj_s_u3tonrgkzJE8OvbDQQ', 'token_type': 'bearer', 'user': {'approval_status': 'approved', 'avatar_url': None, 'created_at': '2026-01-11T19:45:23.997000', 'data_scope': None, ...}}">tests/test_beta_stabilization.py:42: in test_login_account_manager
    assert "token" in data
E   AssertionError: assert 'token' in {'access_token': 'eyJhbGciOiJIUzI1NiIsInR5cCI6IkpXVCJ9.eyJzdWIiOiJmNzc3YjhmMC05Yjc4LTRjMWItYTFlYy05MDZhMDQ5M2FjZTEiLCJlbWFpbCI6ImFtMUBzYWxlc2NvbW1hbmQuY29tIiwicm9sZSI6ImFjY291bnRfbWFuYWdlciIsImV4cCI6MTc2ODM5ODQxNywiaWF0IjoxNzY4MzEyMDE3fQ.nJJhmfF49SNpFwEveSXxlj_s_u3tonrgkzJE8OvbDQQ', 'token_type': 'bearer', 'user': {'approval_status': 'approved', 'avatar_url': None, 'created_at': '2026-01-11T19:45:23.997000', 'data_scope': None, ...}}</failure></testcase><testcase classname="tests.test_beta_stabilization.TestAuthentication" name="test_login_super_admin" time="0.231"><failure message="AssertionError: assert 'token' in {'access_token': 'eyJhbGciOiJIUzI1NiIsInR5cCI6IkpXVCJ9.eyJzdWIiOiJlMmQxMWNjMy1jZTQ0LTQ4NjktYjc1ZS1kMzAwYmI4YjQwZDkiLCJlbWFpbCI6InN1cGVyYWRtaW5Ac2FsZXNjb21tYW5kLmNvbSIsInJvbGUiOiJzdXBlcl9hZG1pbiIsImV4cCI6MTc2ODM5ODQxOCwiaWF0IjoxNzY4MzEyMDE4fQ.5M7jGizNeJQj-vvaQL7mCyplajFbqmne9EzQHdWLCH4', 'token_type': 'bearer', 'user': {'approval_status': 'approved', 'avatar_url': None, 'created_at': '2026-01-10T20:39:51.199000', 'data_scope': None, ...}}">tests/test_beta_stabilization.py:56: in test_login_super_admin
    assert "token" in data
E   AssertionError: assert 'token' in {'access_token': 'eyJhbGciOiJIUzI1NiIsInR5cCI6IkpXVCJ9.eyJzdWIiOiJlMmQxMWNjMy1jZTQ0LTQ4NjktYjc1ZS1kMzAwYmI4YjQwZDkiLCJlbWFpbCI6InN1cGVyYWRtaW5Ac2FsZXNjb21tYW5kLmNvbSIsInJvbGUiOiJzdXBlcl9hZG1pbiIsImV4cCI6MTc2ODM5ODQxOCwiaWF0IjoxNzY4MzEyMDE4fQ.5M7jGizNeJQj-vvaQL7mCyplajFbqmne9EzQHdWLCH4', 'token_type': 'bearer', 'user': {'approval_status': 'approved', 'avatar_url': None, 'created_at': '2026-01-10T20:39:51.199000', 'data_scope': None, ...}}</failure></testcase><testcase classname="tests.test_beta_stabilization.TestAuthentication" name="test_login_invalid_credentials" time="0.046" /><testcase classname="tests.test_beta_stabilization.TestDashboardReal" name="test_dashboard_real_endpoint_am" time="0.259"><error message="failed on setup with &quot;KeyError: 'token'&quot;">tests/test_beta_stabilization.py:84: in am_token
    return response.json()["token"]
           ^^^^^^^^^^^^^^^^^^^^^^^^
E   KeyError: 'token'</error></testcase><testcase classname="tests.test_beta_stabilization.TestDashboardReal" name="test_dashboard_real_endpoint_admin" time="0.241"><error message="failed on setup with &quot;KeyError: 'token'&quot;">tests/test_beta_stabilization.py:95: in admin_token
    return response.json()["token"]
           ^^^^^^^^^^^^^^^^^^^^^^^^
E   KeyError: 'token'</error></testcase><testcase classname="tests.test_beta_stabilization.TestReceivables" name="test_receivables_endpoint" time="0.233"><error message="failed on setup with &quot;KeyError: 'token'&quot;">tests/test_beta_stabilization.py:148: in admin_token
    return response.json()["token"]
           ^^^^^^^^^^^^^^^^^^^^^^^^
E   KeyError: 'token'</error></testcase><testcase classname="tests.test_beta_stabilization.TestBlueSheetConfiguration" name="test_get_bluesheet_weights" time="0.222"><error message="failed on setup with &quot;KeyError: 'token'&quot;">tests/test_beta_stabilization.py:198: in admin_token
    return response.json()["token"]
           ^^^^^^^^^^^^^^^^^^^^^^^^
E   KeyError: 'token'</error></testcase><testcase classname="tests.test_beta_stabilization.TestBlueSheetConfiguration" name="test_update_bluesheet_weights" time="0.277"><error message="failed on setup with &quot;KeyError: 'token'&quot;">tests/test_beta_stabilization.py:198: in admin_token
    return response.json()["token"]
           ^^^^^^^^^^^^^^^^^^^^^^^^
E   KeyError: 'token'</error></testcase><testcase classname="tests.test_beta_stabilization.TestAdminPanelBlueSheetTab" name="test_admin_roles_endpoint" time="0.249"><error message="failed on setup with &quot;KeyError: 'token'&quot;">tests/test_beta_stabilization.py:276: in admin_token
    return response.json()["token"]
           ^^^^^^^^^^^^^^^^^^^^^^^^
E   KeyError: 'token'</error></testcase><testcase classname="tests.test_beta_stabilization.TestAdminPanelBlueSheetTab" name="test_admin_users_endpoint" time="0.237"><error message="failed on setup with &quot;KeyError: 'token'&quot;">tests/test_beta_stabilization.py:276: in admin_token
    return response.json()["token"]
           ^^^^^^^^^^^^^^^^^^^^^^^^
E   KeyError: 'token'</error></testcase><testcase classname="tests.test_beta_stabilization.TestIncentiveConfiguration" name="test_commission_templates_endpoint" time="0.215"><error message="failed on setup with &quot;KeyError: 'token'&quot;">tests/test_beta_stabilization.py:309: in admin_token
    return response.json()["token"]
           ^^^^^^^^^^^^^^^^^^^^^^^^
E   KeyError: 'token'</error></testcase><testcase classname="tests.test_beta_stabilization.TestIncentiveConfiguration" name="test_incentive_calculator" time="0.231"><error message="failed on setup with &quot;KeyError: 'token'&quot;">tests/test_beta_stabilization.py:309: in admin_token
    return response.json()["token"]
           ^^^^^^^^^^^^^^^^^^^^^^^^
E   KeyError: 'token'</error></testcase><testcase classname="tests.test_beta_stabilization.TestDataLakeHealth" name="test_data_lake_health" time="0.224"><error message="failed on setup with &quot;KeyError: 'token'&quot;">tests/test_beta_stabilization.py:357: in admin_token
    return response.json()["token"]
           ^^^^^^^^^^^^^^^^^^^^^^^^
E   KeyError: 'token'</error></testcase></testsuite></testsuites>