<?xml version="1.0" encoding="utf-8"?><testsuites name="pytest tests"><testsuite name="pytest" errors="0" failures="2" skipped="0" tests="11" time="0.564" timestamp="2026-01-11T20:46:37.274125+00:00" hostname="agent-env-bf3a37e6-d6f6-4491-9e62-d35dd0cd7d6d"><testcase classname="tests.test_integration_hub.TestSyncAPI" name="test_sync_status_endpoint" time="0.050" /><testcase classname="tests.test_integration_hub.TestSyncAPI" name="test_sync_jobs_list" time="0.037" /><testcase classname="tests.test_integration_hub.TestSyncAPI" name="test_sync_history" time="0.035" /><testcase classname="tests.test_integration_hub.TestSyncAPI" name="test_sync_schedules" time="0.031" /><testcase classname="tests.test_integration_hub.TestDataLakeAPI" name="test_data_lake_health" time="0.035" /><testcase classname="tests.test_integration_hub.TestDataLakeAPI" name="test_data_lake_stats" time="0.045" /><testcase classname="tests.test_integration_hub.TestDataLakeAPI" name="test_data_lake_entities_contacts" time="0.036" /><testcase classname="tests.test_integration_hub.TestDataLakeAPI" name="test_data_lake_entities_opportunity" time="0.038" /><testcase classname="tests.test_integration_hub.TestDataLakeAPI" name="test_data_lake_audit_trail" time="0.041" /><testcase classname="tests.test_integration_hub.TestOdooIntegration" name="test_odoo_config" time="0.032"><failure message="assert 403 in [200, 404, 500]&#10; +  where 403 = &lt;Response [403]&gt;.status_code">tests/test_integration_hub.py:152: in test_odoo_config
    assert response.status_code in [200, 404, 500]
E   assert 403 in [200, 404, 500]
E    +  where 403 = &lt;Response [403]&gt;.status_code</failure></testcase><testcase classname="tests.test_integration_hub.TestOdooIntegration" name="test_odoo_sync_logs" time="0.036"><failure message="assert 403 in [200, 404, 500]&#10; +  where 403 = &lt;Response [403]&gt;.status_code">tests/test_integration_hub.py:158: in test_odoo_sync_logs
    assert response.status_code in [200, 404, 500]
E   assert 403 in [200, 404, 500]
E    +  where 403 = &lt;Response [403]&gt;.status_code</failure></testcase></testsuite></testsuites>