<?xml version="1.0" encoding="utf-8"?><testsuites name="pytest tests"><testsuite name="pytest" errors="0" failures="0" skipped="0" tests="19" time="30.639" timestamp="2026-01-11T09:02:49.508508+00:00" hostname="agent-env-24ca3e2a-38c2-4ccb-b1ce-1578d56a03eb"><testcase classname="tests.test_odoo_integration.TestOdooIntegration" name="test_01_get_odoo_config" time="0.258" /><testcase classname="tests.test_odoo_integration.TestOdooIntegration" name="test_02_update_connection_settings" time="0.266" /><testcase classname="tests.test_odoo_integration.TestOdooIntegration" name="test_03_test_odoo_connection" time="2.118" /><testcase classname="tests.test_odoo_integration.TestOdooIntegration" name="test_04_verify_connected_status" time="0.268" /><testcase classname="tests.test_odoo_integration.TestOdooIntegration" name="test_05_get_entity_mappings" time="0.225" /><testcase classname="tests.test_odoo_integration.TestOdooIntegration" name="test_06_get_contacts_mapping" time="0.228" /><testcase classname="tests.test_odoo_integration.TestOdooIntegration" name="test_07_get_opportunities_mapping" time="0.267" /><testcase classname="tests.test_odoo_integration.TestOdooIntegration" name="test_08_get_activities_mapping" time="0.266" /><testcase classname="tests.test_odoo_integration.TestOdooIntegration" name="test_09_get_odoo_model_fields" time="8.054" /><testcase classname="tests.test_odoo_integration.TestOdooIntegration" name="test_10_preview_contacts_sync" time="3.597" /><testcase classname="tests.test_odoo_integration.TestOdooIntegration" name="test_11_preview_opportunities_sync" time="4.037" /><testcase classname="tests.test_odoo_integration.TestOdooIntegration" name="test_12_sync_contacts" time="3.606" /><testcase classname="tests.test_odoo_integration.TestOdooIntegration" name="test_13_sync_all_entities" time="5.794" /><testcase classname="tests.test_odoo_integration.TestOdooIntegration" name="test_14_get_sync_logs" time="0.240" /><testcase classname="tests.test_odoo_integration.TestOdooIntegration" name="test_15_update_field_mappings" time="0.240" /><testcase classname="tests.test_odoo_integration.TestOdooIntegration" name="test_16_get_nonexistent_mapping" time="0.252" /><testcase classname="tests.test_odoo_integration.TestOdooIntegration" name="test_17_preview_nonexistent_mapping" time="0.221" /><testcase classname="tests.test_odoo_integration.TestOdooIntegration" name="test_18_sync_nonexistent_mapping" time="0.215" /><testcase classname="tests.test_odoo_integration.TestOdooIntegration" name="test_19_unauthorized_access" time="0.358" /></testsuite></testsuites>