<?xml version="1.0" encoding="utf-8"?><testsuites name="pytest tests"><testsuite name="pytest" errors="0" failures="0" skipped="0" tests="15" time="2.587" timestamp="2026-01-13T20:46:21.457239+00:00" hostname="agent-env-41e15cb7-a51b-4188-9341-7626ff59d885"><testcase classname="tests.test_p0_features.Test360AccountViewAPI" name="test_360_view_returns_account_data" time="0.269" /><testcase classname="tests.test_p0_features.Test360AccountViewAPI" name="test_360_view_returns_summary_cards" time="0.041" /><testcase classname="tests.test_p0_features.Test360AccountViewAPI" name="test_360_view_returns_collapsible_sections" time="0.039" /><testcase classname="tests.test_p0_features.Test360AccountViewAPI" name="test_360_view_with_invalid_account_id" time="0.045" /><testcase classname="tests.test_p0_features.Test360AccountViewAPI" name="test_360_view_with_different_accounts" time="0.329" /><testcase classname="tests.test_p0_features.TestOpportunitiesAPI" name="test_get_opportunities" time="0.250" /><testcase classname="tests.test_p0_features.TestOpportunitiesAPI" name="test_opportunities_have_required_fields" time="0.041" /><testcase classname="tests.test_p0_features.TestOpportunitiesAPI" name="test_opportunities_stage_filter" time="0.188" /><testcase classname="tests.test_p0_features.TestAccountsAPI" name="test_get_real_accounts" time="0.290" /><testcase classname="tests.test_p0_features.TestAccountsAPI" name="test_accounts_have_required_fields" time="0.039" /><testcase classname="tests.test_p0_features.TestKanbanAPI" name="test_get_kanban_data" time="0.257" /><testcase classname="tests.test_p0_features.TestKanbanAPI" name="test_kanban_stages_structure" time="0.042" /><testcase classname="tests.test_p0_features.TestStageTransitions" name="test_get_stage_transition_rules" time="0.264" /><testcase classname="tests.test_p0_features.TestDashboardAPI" name="test_get_dashboard_stats" time="0.332" /><testcase classname="tests.test_p0_features.TestDashboardAPI" name="test_get_real_dashboard" time="0.037" /></testsuite></testsuites>