<?xml version="1.0" encoding="utf-8"?><testsuites name="pytest tests"><testsuite name="pytest" errors="0" failures="0" skipped="0" tests="13" time="3.277" timestamp="2026-01-12T15:54:22.532965+00:00" hostname="agent-env-d6821804-052c-4472-8e5d-a4213674a1e2"><testcase classname="tests.test_sync_modal_api.TestAuthEndpoints" name="test_login_success" time="0.251" /><testcase classname="tests.test_sync_modal_api.TestAuthEndpoints" name="test_login_invalid_credentials" time="0.043" /><testcase classname="tests.test_sync_modal_api.TestAuthEndpoints" name="test_get_me_authenticated" time="0.252" /><testcase classname="tests.test_sync_modal_api.TestIntegrationsEndpoints" name="test_list_integrations" time="0.257" /><testcase classname="tests.test_sync_modal_api.TestIntegrationsEndpoints" name="test_get_odoo_integration" time="0.272" /><testcase classname="tests.test_sync_modal_api.TestSyncEndpoints" name="test_sync_endpoint_accepts_entity_types_in_body" time="0.269" /><testcase classname="tests.test_sync_modal_api.TestSyncEndpoints" name="test_sync_endpoint_with_all_entity_types" time="0.276" /><testcase classname="tests.test_sync_modal_api.TestSyncEndpoints" name="test_sync_endpoint_without_entity_types" time="0.254" /><testcase classname="tests.test_sync_modal_api.TestSyncEndpoints" name="test_get_sync_status" time="0.249" /><testcase classname="tests.test_sync_modal_api.TestFieldMappingsEndpoints" name="test_get_field_mappings_account" time="0.293" /><testcase classname="tests.test_sync_modal_api.TestFieldMappingsEndpoints" name="test_get_field_mappings_all_entity_types" time="0.402" /><testcase classname="tests.test_sync_modal_api.TestDataLakeEndpoints" name="test_data_lake_health" time="0.250" /><testcase classname="tests.test_sync_modal_api.TestHealthEndpoint" name="test_api_health" time="0.077" /></testsuite></testsuites>